Using pre-set license
Built from '2021.3/staging' branch; Version is '2021.3.13f1 (9e7d58001ecf) revision 10386776'; Using compiler version '192829333'; Build Type 'Release'
OS: 'Windows 10  (10.0.19045) 64bit Professional' Language: 'es' Physical Memory: 16315 MB
BatchMode: 1, IsHumanControllingUs: 0, StartBugReporterOnCrash: 0, Is64bit: 1, IsPro: 1

COMMAND LINE ARGUMENTS:
C:\Program Files\Unity\Hub\Editor\2021.3.13f1\Editor\Unity.exe
-adb2
-batchMode
-noUpm
-name
AssetImportWorker0
-projectPath
D:/Dungeon Crawler Jam/DungeonCrawlerPreJam
-logFile
Logs/AssetImportWorker0.log
-srvPort
54157
Successfully changed project path to: D:/Dungeon Crawler Jam/DungeonCrawlerPreJam
D:/Dungeon Crawler Jam/DungeonCrawlerPreJam
[UnityMemory] Configuration Parameters - Can be set up in boot.config
    "memorysetup-bucket-allocator-granularity=16"
    "memorysetup-bucket-allocator-bucket-count=8"
    "memorysetup-bucket-allocator-block-size=33554432"
    "memorysetup-bucket-allocator-block-count=8"
    "memorysetup-main-allocator-block-size=16777216"
    "memorysetup-thread-allocator-block-size=16777216"
    "memorysetup-gfx-main-allocator-block-size=16777216"
    "memorysetup-gfx-thread-allocator-block-size=16777216"
    "memorysetup-cache-allocator-block-size=4194304"
    "memorysetup-typetree-allocator-block-size=2097152"
    "memorysetup-profiler-bucket-allocator-granularity=16"
    "memorysetup-profiler-bucket-allocator-bucket-count=8"
    "memorysetup-profiler-bucket-allocator-block-size=33554432"
    "memorysetup-profiler-bucket-allocator-block-count=8"
    "memorysetup-profiler-allocator-block-size=16777216"
    "memorysetup-profiler-editor-allocator-block-size=1048576"
    "memorysetup-temp-allocator-size-main=16777216"
    "memorysetup-job-temp-allocator-block-size=2097152"
    "memorysetup-job-temp-allocator-block-size-background=1048576"
    "memorysetup-job-temp-allocator-reduction-small-platforms=262144"
    "memorysetup-temp-allocator-size-background-worker=32768"
    "memorysetup-temp-allocator-size-job-worker=262144"
    "memorysetup-temp-allocator-size-preload-manager=33554432"
    "memorysetup-temp-allocator-size-nav-mesh-worker=65536"
    "memorysetup-temp-allocator-size-audio-worker=65536"
    "memorysetup-temp-allocator-size-cloud-worker=32768"
    "memorysetup-temp-allocator-size-gi-baking-worker=262144"
    "memorysetup-temp-allocator-size-gfx=262144"
Refreshing native plugins compatible for Editor in 111.26 ms, found 4 plugins.
Preloading 0 native plugins for Editor in 0.00 ms.
Initialize engine version: 2021.3.13f1 (9e7d58001ecf)
[Subsystems] Discovering subsystems at path C:/Program Files/Unity/Hub/Editor/2021.3.13f1/Editor/Data/Resources/UnitySubsystems
[Subsystems] Discovering subsystems at path D:/Dungeon Crawler Jam/DungeonCrawlerPreJam/Assets
GfxDevice: creating device client; threaded=0; jobified=0
Direct3D:
    Version:  Direct3D 11.0 [level 11.1]
    Renderer: NVIDIA GeForce RTX 2060 (ID=0x1f03)
    Vendor:   NVIDIA
    VRAM:     12075 MB
    Driver:   31.0.15.3141
Initialize mono
Mono path[0] = 'C:/Program Files/Unity/Hub/Editor/2021.3.13f1/Editor/Data/Managed'
Mono path[1] = 'C:/Program Files/Unity/Hub/Editor/2021.3.13f1/Editor/Data/MonoBleedingEdge/lib/mono/unityjit-win32'
Mono config path = 'C:/Program Files/Unity/Hub/Editor/2021.3.13f1/Editor/Data/MonoBleedingEdge/etc'
Using monoOptions --debugger-agent=transport=dt_socket,embedding=1,server=y,suspend=n,address=127.0.0.1:56984
Begin MonoManager ReloadAssembly
Registering precompiled unity dll's ...
Register platform support module: C:/Program Files/Unity/Hub/Editor/2021.3.13f1/Editor/Data/PlaybackEngines/WindowsStandaloneSupport/UnityEditor.WindowsStandalone.Extensions.dll
Registered in 0.010493 seconds.
Native extension for WindowsStandalone target not found
Refreshing native plugins compatible for Editor in 109.65 ms, found 4 plugins.
Preloading 0 native plugins for Editor in 0.00 ms.
Mono: successfully reloaded assembly
- Completed reload, in  0.753 seconds
Domain Reload Profiling:
	ReloadAssembly (753ms)
		BeginReloadAssembly (92ms)
			ExecutionOrderSort (0ms)
			DisableScriptedObjects (0ms)
			BackupInstance (0ms)
			ReleaseScriptingObjects (0ms)
			CreateAndSetChildDomain (1ms)
		EndReloadAssembly (524ms)
			LoadAssemblies (87ms)
			RebuildTransferFunctionScriptingTraits (0ms)
			SetupTypeCache (116ms)
			ReleaseScriptCaches (0ms)
			RebuildScriptCaches (35ms)
			SetupLoadedEditorAssemblies (312ms)
				LogAssemblyErrors (0ms)
				InitializePlatformSupportModulesInManaged (9ms)
				SetLoadedEditorAssemblies (0ms)
				RefreshPlugins (110ms)
				BeforeProcessingInitializeOnLoad (1ms)
				ProcessInitializeOnLoadAttributes (138ms)
				ProcessInitializeOnLoadMethodAttributes (52ms)
				AfterProcessingInitializeOnLoad (0ms)
				EditorAssembliesLoaded (0ms)
			ExecutionOrderSort2 (0ms)
			AwakeInstancesAfterBackupRestoration (0ms)
Platform modules already initialized, skipping
Registering precompiled user dll's ...
Registered in 0.006884 seconds.
Begin MonoManager ReloadAssembly
Symbol file LoadedFromMemory doesn't match image D:\Dungeon Crawler Jam\DungeonCrawlerPreJam\Library\PackageCache\com.unity.visualscripting@1.7.8\Editor\VisualScripting.Core\Dependencies\YamlDotNet\Unity.VisualScripting.YamlDotNet.dll
Symbol file LoadedFromMemory doesn't match image D:\Dungeon Crawler Jam\DungeonCrawlerPreJam\Library\PackageCache\com.unity.visualscripting@1.7.8\Editor\VisualScripting.Core\Dependencies\DotNetZip\Unity.VisualScripting.IonicZip.dll
Native extension for WindowsStandalone target not found
Refreshing native plugins compatible for Editor in 108.41 ms, found 4 plugins.
Preloading 0 native plugins for Editor in 0.00 ms.
Mono: successfully reloaded assembly
- Completed reload, in  1.340 seconds
Domain Reload Profiling:
	ReloadAssembly (1341ms)
		BeginReloadAssembly (136ms)
			ExecutionOrderSort (0ms)
			DisableScriptedObjects (7ms)
			BackupInstance (0ms)
			ReleaseScriptingObjects (0ms)
			CreateAndSetChildDomain (20ms)
		EndReloadAssembly (1064ms)
			LoadAssemblies (100ms)
			RebuildTransferFunctionScriptingTraits (0ms)
			SetupTypeCache (277ms)
			ReleaseScriptCaches (1ms)
			RebuildScriptCaches (67ms)
			SetupLoadedEditorAssemblies (573ms)
				LogAssemblyErrors (0ms)
				InitializePlatformSupportModulesInManaged (6ms)
				SetLoadedEditorAssemblies (0ms)
				RefreshPlugins (108ms)
				BeforeProcessingInitializeOnLoad (112ms)
				ProcessInitializeOnLoadAttributes (279ms)
				ProcessInitializeOnLoadMethodAttributes (54ms)
				AfterProcessingInitializeOnLoad (13ms)
				EditorAssembliesLoaded (0ms)
			ExecutionOrderSort2 (0ms)
			AwakeInstancesAfterBackupRestoration (7ms)
Platform modules already initialized, skipping
========================================================================
Worker process is ready to serve import requests
Launched and connected shader compiler UnityShaderCompiler.exe after 0.05 seconds
Refreshing native plugins compatible for Editor in 0.95 ms, found 4 plugins.
Preloading 0 native plugins for Editor in 0.00 ms.
Unloading 4397 Unused Serialized files (Serialized files now loaded: 0)
Unloading 61 unused Assets / (1.9 MB). Loaded Objects now: 4834.
Memory consumption went from 174.8 MB to 172.9 MB.
Total: 4.419800 ms (FindLiveObjects: 0.391400 ms CreateObjectMapping: 0.113900 ms MarkObjects: 3.355300 ms  DeleteObjects: 0.558200 ms)

AssetImportParameters requested are different than current active one (requested -> active):
  custom:video-decoder-ogg-theora: a1e56fd34408186e4bbccfd4996cb3dc -> 
  custom:container-muxer-webm: aa71ff27fc2769a1b78a27578f13a17b -> 
  custom:container-demuxer-webm: 4f35f7cbe854078d1ac9338744f61a02 -> 
  custom:video-encoder-webm-vp8: eb34c28f22e8b96e1ab97ce403110664 -> 
  custom:audio-encoder-webm-vorbis: bf7c407c2cedff20999df2af8eb42d56 -> 
  custom:framework-win-MediaFoundation: 216162199b28c13a410421893ffa2e32 -> 
  custom:container-demuxer-ogg: 62fdf1f143b41e24485cea50d1cbac27 -> 
  custom:video-decoder-webm-vp8: 9c59270c3fd7afecdb556c50c9e8de78 -> 
  custom:audio-decoder-ogg-vorbis: bf7c407c2cedff20999df2af8eb42d56 -> 
========================================================================
Received Import Request.
  Time since last request: 348821.712938 seconds.
  path: Assets/Prefabs/Combate.prefab
  artifactKey: Guid(7e3562595f495d64f8b9f2e76c8e23db) Importer(815301076,1909f56bfc062723c751e8b465ee728b)
Start importing Assets/Prefabs/Combate.prefab using Guid(7e3562595f495d64f8b9f2e76c8e23db) Importer(815301076,1909f56bfc062723c751e8b465ee728b)  -> (artifact id: 'bf9ed3c9e27323c48f6144c7c2df8169') in 0.560336 seconds 
========================================================================
Received Import Request.
  Time since last request: 0.000027 seconds.
  path: Assets/Prefabs/Chest game ready.prefab
  artifactKey: Guid(98d0e55a5b8d20643a2c304a1741a7fd) Importer(815301076,1909f56bfc062723c751e8b465ee728b)
Start importing Assets/Prefabs/Chest game ready.prefab using Guid(98d0e55a5b8d20643a2c304a1741a7fd) Importer(815301076,1909f56bfc062723c751e8b465ee728b)  -> (artifact id: '5baa532c70fcfbbfb51fb0f36dc7bfe6') in 0.086214 seconds 
========================================================================
Received Import Request.
  Time since last request: 0.000037 seconds.
  path: Assets/Prefabs/shopee.prefab
  artifactKey: Guid(c4f33000d18ab3f4484dbb878c43a1f7) Importer(815301076,1909f56bfc062723c751e8b465ee728b)
Start importing Assets/Prefabs/shopee.prefab using Guid(c4f33000d18ab3f4484dbb878c43a1f7) Importer(815301076,1909f56bfc062723c751e8b465ee728b)  -> (artifact id: '63856c826e1da8298f30b5bf783ac28d') in 0.033301 seconds 
========================================================================
Received Import Request.
  Time since last request: 0.000027 seconds.
  path: Assets/Prefabs/CombateUI.prefab
  artifactKey: Guid(00819c19e809c7641a163555c235cab6) Importer(815301076,1909f56bfc062723c751e8b465ee728b)
Start importing Assets/Prefabs/CombateUI.prefab using Guid(00819c19e809c7641a163555c235cab6) Importer(815301076,1909f56bfc062723c751e8b465ee728b)  -> (artifact id: '8ab7ad934652e12fc0f4be2e40f24c14') in 0.273255 seconds 
========================================================================
Received Import Request.
  Time since last request: 0.000032 seconds.
  path: Assets/Prefabs/Player PostMerge.prefab
  artifactKey: Guid(742ebcba97b031a488aa9635184547f6) Importer(815301076,1909f56bfc062723c751e8b465ee728b)
Start importing Assets/Prefabs/Player PostMerge.prefab using Guid(742ebcba97b031a488aa9635184547f6) Importer(815301076,1909f56bfc062723c751e8b465ee728b)  -> (artifact id: '1045d3361d74ff67b532e3db6924302a') in 0.086324 seconds 
========================================================================
Received Import Request.
  Time since last request: 0.000041 seconds.
  path: Assets/Prefabs/TiendaCollider.prefab
  artifactKey: Guid(c67d22bd4ea77f84dbff64fe2cc78d13) Importer(815301076,1909f56bfc062723c751e8b465ee728b)
Start importing Assets/Prefabs/TiendaCollider.prefab using Guid(c67d22bd4ea77f84dbff64fe2cc78d13) Importer(815301076,1909f56bfc062723c751e8b465ee728b)  -> (artifact id: '1b59cada186cb7a71b66fa3f2de02b1b') in 0.032965 seconds 
========================================================================
Received Import Request.
  Time since last request: 0.000035 seconds.
  path: Assets/Prefabs/GameViewP2.prefab
  artifactKey: Guid(c2a0b37eba1251a46a64e392446365df) Importer(815301076,1909f56bfc062723c751e8b465ee728b)
Start importing Assets/Prefabs/GameViewP2.prefab using Guid(c2a0b37eba1251a46a64e392446365df) Importer(815301076,1909f56bfc062723c751e8b465ee728b)  -> (artifact id: '5aea972034e3bb0541344f3317fdc7f3') in 0.142711 seconds 
========================================================================
Received Import Request.
  Time since last request: 0.000025 seconds.
  path: Assets/Prefabs/CofreCollider.prefab
  artifactKey: Guid(8321cad260a393246be5f3f80baa6a0b) Importer(815301076,1909f56bfc062723c751e8b465ee728b)
Start importing Assets/Prefabs/CofreCollider.prefab using Guid(8321cad260a393246be5f3f80baa6a0b) Importer(815301076,1909f56bfc062723c751e8b465ee728b)  -> (artifact id: '90c51c390521aa58ff4c93ece98db0d2') in 0.048985 seconds 
========================================================================
Received Import Request.
  Time since last request: 0.000027 seconds.
  path: Assets/Prefabs/GameViewP1.prefab
  artifactKey: Guid(eb28f796948c44448b637d3b83f3204e) Importer(815301076,1909f56bfc062723c751e8b465ee728b)
Start importing Assets/Prefabs/GameViewP1.prefab using Guid(eb28f796948c44448b637d3b83f3204e) Importer(815301076,1909f56bfc062723c751e8b465ee728b)  -> (artifact id: 'e007509d3cf751424e195a4d6d8c6d86') in 0.111013 seconds 
========================================================================
Received Import Request.
  Time since last request: 248.521087 seconds.
  path: Assets/Animations/Enemy/Snake.controller
  artifactKey: Guid(234ff1dc771e0a64a850af3c470574ed) Importer(815301076,1909f56bfc062723c751e8b465ee728b)
Start importing Assets/Animations/Enemy/Snake.controller using Guid(234ff1dc771e0a64a850af3c470574ed) Importer(815301076,1909f56bfc062723c751e8b465ee728b)  -> (artifact id: 'bcd275808f0a8983a01b6bc98f7464ca') in 0.013450 seconds 
========================================================================
Received Import Request.
  Time since last request: 71.331211 seconds.
  path: Assets/Scenes/Demo.unity
  artifactKey: Guid(37fde94d252ddb943ac2daf4c5f1a0ce) Importer(815301076,1909f56bfc062723c751e8b465ee728b)
Start importing Assets/Scenes/Demo.unity using Guid(37fde94d252ddb943ac2daf4c5f1a0ce) Importer(815301076,1909f56bfc062723c751e8b465ee728b)  -> (artifact id: '56e37791c152247b20c1d9ba70780050') in 0.007266 seconds 
========================================================================
Received Import Request.
  Time since last request: 5.747708 seconds.
  path: Assets/Scenes/Floor 3.unity
  artifactKey: Guid(73336d4a3650d8e429143dc2c3ba8803) Importer(815301076,1909f56bfc062723c751e8b465ee728b)
Start importing Assets/Scenes/Floor 3.unity using Guid(73336d4a3650d8e429143dc2c3ba8803) Importer(815301076,1909f56bfc062723c751e8b465ee728b)  -> (artifact id: '25313df46227f1a05f8b02ffdb5e0037') in 0.007451 seconds 
========================================================================
Received Import Request.
  Time since last request: 284.926834 seconds.
  path: Assets/Models/Enemy/Animated/SKM_Ballerina1.prefab
  artifactKey: Guid(0f5aa023705e4bd4bac79a850e6554e3) Importer(815301076,1909f56bfc062723c751e8b465ee728b)
Start importing Assets/Models/Enemy/Animated/SKM_Ballerina1.prefab using Guid(0f5aa023705e4bd4bac79a850e6554e3) Importer(815301076,1909f56bfc062723c751e8b465ee728b)  -> (artifact id: '0f082f937ebe6e415570643634e86e70') in 0.025961 seconds 
========================================================================
Received Import Request.
  Time since last request: 0.000026 seconds.
  path: Assets/Models/Enemy/Animated/SKM_Sheep 1.prefab
  artifactKey: Guid(9b53135a776fa1a41bef94fc08378674) Importer(815301076,1909f56bfc062723c751e8b465ee728b)
Start importing Assets/Models/Enemy/Animated/SKM_Sheep 1.prefab using Guid(9b53135a776fa1a41bef94fc08378674) Importer(815301076,1909f56bfc062723c751e8b465ee728b)  -> (artifact id: 'a4b79486dab834b382e2294914537b59') in 0.015899 seconds 
========================================================================
Received Import Request.
  Time since last request: 0.000023 seconds.
  path: Assets/Models/Enemy/Animated/the_snake.prefab
  artifactKey: Guid(3c5ce98716373764fbdcc6a14fd6ff44) Importer(815301076,1909f56bfc062723c751e8b465ee728b)
Start importing Assets/Models/Enemy/Animated/the_snake.prefab using Guid(3c5ce98716373764fbdcc6a14fd6ff44) Importer(815301076,1909f56bfc062723c751e8b465ee728b)  -> (artifact id: '7f91569d6a5e3a5855e29ef2963a5630') in 0.016254 seconds 
========================================================================
Received Import Request.
  Time since last request: 0.000025 seconds.
  path: Assets/Models/Enemy/Animated/SKM_HandDude.prefab
  artifactKey: Guid(8ae72705df33b5f489452f5c58608937) Importer(815301076,1909f56bfc062723c751e8b465ee728b)
Start importing Assets/Models/Enemy/Animated/SKM_HandDude.prefab using Guid(8ae72705df33b5f489452f5c58608937) Importer(815301076,1909f56bfc062723c751e8b465ee728b)  -> (artifact id: 'eb777fce06e514acf4a47a495b212380') in 0.019176 seconds 
========================================================================
Received Import Request.
  Time since last request: 0.000026 seconds.
  path: Assets/Models/Enemy/Animated/SKM_Miner.prefab
  artifactKey: Guid(f34aff147c1934049aea6e5ba5c26738) Importer(815301076,1909f56bfc062723c751e8b465ee728b)
Start importing Assets/Models/Enemy/Animated/SKM_Miner.prefab using Guid(f34aff147c1934049aea6e5ba5c26738) Importer(815301076,1909f56bfc062723c751e8b465ee728b)  -> (artifact id: 'd586f6ad2768080ecf22c975f5e57815') in 0.024493 seconds 
========================================================================
Received Import Request.
  Time since last request: 0.000023 seconds.
  path: Assets/Models/Enemy/Animated/SKM_Wolf1_1.prefab
  artifactKey: Guid(e7230146d7f31884d9030aee0a882e8c) Importer(815301076,1909f56bfc062723c751e8b465ee728b)
Start importing Assets/Models/Enemy/Animated/SKM_Wolf1_1.prefab using Guid(e7230146d7f31884d9030aee0a882e8c) Importer(815301076,1909f56bfc062723c751e8b465ee728b)  -> (artifact id: '8f462ddcbdbecb64876199fed241fdb7') in 0.021599 seconds 
========================================================================
Received Import Request.
  Time since last request: 2.681588 seconds.
  path: Assets/Models/Enemy/Animated/the_watcher.controller
  artifactKey: Guid(dba7d6ce8323bb745a2bbdf3ac381de7) Importer(815301076,1909f56bfc062723c751e8b465ee728b)
Start importing Assets/Models/Enemy/Animated/the_watcher.controller using Guid(dba7d6ce8323bb745a2bbdf3ac381de7) Importer(815301076,1909f56bfc062723c751e8b465ee728b)  -> (artifact id: 'f6464489251c2d0566bc39a8d53016b2') in 0.007733 seconds 
========================================================================
Received Import Request.
  Time since last request: 2.941082 seconds.
  path: Assets/Models/Enemy/Animated/Watcher.anim
  artifactKey: Guid(cc9e546d5a37235419d870c653f16a88) Importer(815301076,1909f56bfc062723c751e8b465ee728b)
Start importing Assets/Models/Enemy/Animated/Watcher.anim using Guid(cc9e546d5a37235419d870c653f16a88) Importer(815301076,1909f56bfc062723c751e8b465ee728b)  -> (artifact id: '72d86c369fd9e463f3e905aaded5885b') in 0.009417 seconds 
========================================================================
Received Prepare
Registering precompiled user dll's ...
Registered in 0.007493 seconds.
Begin MonoManager ReloadAssembly
Symbol file LoadedFromMemory doesn't match image D:\Dungeon Crawler Jam\DungeonCrawlerPreJam\Library\PackageCache\com.unity.visualscripting@1.7.8\Editor\VisualScripting.Core\Dependencies\YamlDotNet\Unity.VisualScripting.YamlDotNet.dll
Symbol file LoadedFromMemory doesn't match image D:\Dungeon Crawler Jam\DungeonCrawlerPreJam\Library\PackageCache\com.unity.visualscripting@1.7.8\Editor\VisualScripting.Core\Dependencies\DotNetZip\Unity.VisualScripting.IonicZip.dll
Native extension for WindowsStandalone target not found
Refreshing native plugins compatible for Editor in 1.09 ms, found 4 plugins.
Preloading 0 native plugins for Editor in 0.00 ms.
Mono: successfully reloaded assembly
- Completed reload, in  1.205 seconds
Domain Reload Profiling:
	ReloadAssembly (1206ms)
		BeginReloadAssembly (158ms)
			ExecutionOrderSort (0ms)
			DisableScriptedObjects (8ms)
			BackupInstance (0ms)
			ReleaseScriptingObjects (0ms)
			CreateAndSetChildDomain (41ms)
		EndReloadAssembly (925ms)
			LoadAssemblies (110ms)
			RebuildTransferFunctionScriptingTraits (0ms)
			SetupTypeCache (287ms)
			ReleaseScriptCaches (2ms)
			RebuildScriptCaches (54ms)
			SetupLoadedEditorAssemblies (425ms)
				LogAssemblyErrors (0ms)
				InitializePlatformSupportModulesInManaged (16ms)
				SetLoadedEditorAssemblies (1ms)
				RefreshPlugins (1ms)
				BeforeProcessingInitializeOnLoad (88ms)
				ProcessInitializeOnLoadAttributes (254ms)
				ProcessInitializeOnLoadMethodAttributes (51ms)
				AfterProcessingInitializeOnLoad (14ms)
				EditorAssembliesLoaded (0ms)
			ExecutionOrderSort2 (0ms)
			AwakeInstancesAfterBackupRestoration (11ms)
Platform modules already initialized, skipping
Refreshing native plugins compatible for Editor in 2.79 ms, found 4 plugins.
Preloading 0 native plugins for Editor in 0.00 ms.
Unloading 4329 Unused Serialized files (Serialized files now loaded: 0)
Unloading 56 unused Assets / (1.8 MB). Loaded Objects now: 4847.
Memory consumption went from 173.1 MB to 171.3 MB.
Total: 4.311400 ms (FindLiveObjects: 0.360400 ms CreateObjectMapping: 0.111900 ms MarkObjects: 3.205900 ms  DeleteObjects: 0.631900 ms)

AssetImportParameters requested are different than current active one (requested -> active):
  custom:video-decoder-ogg-theora: a1e56fd34408186e4bbccfd4996cb3dc -> 
  custom:container-muxer-webm: aa71ff27fc2769a1b78a27578f13a17b -> 
  custom:container-demuxer-webm: 4f35f7cbe854078d1ac9338744f61a02 -> 
  custom:video-encoder-webm-vp8: eb34c28f22e8b96e1ab97ce403110664 -> 
  custom:audio-encoder-webm-vorbis: bf7c407c2cedff20999df2af8eb42d56 -> 
  custom:framework-win-MediaFoundation: 216162199b28c13a410421893ffa2e32 -> 
  custom:container-demuxer-ogg: 62fdf1f143b41e24485cea50d1cbac27 -> 
  custom:video-decoder-webm-vp8: 9c59270c3fd7afecdb556c50c9e8de78 -> 
  custom:audio-decoder-ogg-vorbis: bf7c407c2cedff20999df2af8eb42d56 -> 
